0 info it worked if it ends with ok
1 verbose cli [ 'node', '/usr/local/bin/npm', 'install', '-g', 'grunt-cli' ]
2 info using npm@3.3.4
3 info using node@v0.12.7
4 verbose node symlink /usr/local/bin/node
5 silly loadCurrentTree Starting
6 silly install loadCurrentTree
7 silly install readGlobalPackageData
8 silly fetchPackageMetaData grunt-cli
9 silly fetchNamedPackageData grunt-cli
10 silly mapToRegistry name grunt-cli
11 silly mapToRegistry using default registry
12 silly mapToRegistry registry https://registry.npmjs.org/
13 silly mapToRegistry uri https://registry.npmjs.org/grunt-cli
14 verbose request uri https://registry.npmjs.org/grunt-cli
15 verbose request no auth needed
16 info attempt registry request try #1 at 09:16:56
17 verbose request id 945f706799f2dd0c
18 verbose etag "6CQ2BNB7LYLWQ6M8M2TSWTAW2"
19 http request GET https://registry.npmjs.org/grunt-cli
20 http 200 https://registry.npmjs.org/grunt-cli
21 verbose headers { server: 'CouchDB/1.5.0 (Erlang OTP/R16B03)',
21 verbose headers   etag: '"2CAHK3Q2AC2FWHJAN98LPSCUC"',
21 verbose headers   'content-type': 'application/json',
21 verbose headers   'cache-control': 'max-age=60',
21 verbose headers   'content-length': '21582',
21 verbose headers   'accept-ranges': 'bytes',
21 verbose headers   date: 'Tue, 29 Sep 2015 14:15:37 GMT',
21 verbose headers   via: '1.1 varnish',
21 verbose headers   age: '29',
21 verbose headers   connection: 'keep-alive',
21 verbose headers   'x-served-by': 'cache-ord1728-ORD',
21 verbose headers   'x-cache': 'HIT',
21 verbose headers   'x-cache-hits': '1',
21 verbose headers   'x-timer': 'S1443536137.267652,VS0,VE0',
21 verbose headers   vary: 'Accept' }
22 silly get cb [ 200,
22 silly get   { server: 'CouchDB/1.5.0 (Erlang OTP/R16B03)',
22 silly get     etag: '"2CAHK3Q2AC2FWHJAN98LPSCUC"',
22 silly get     'content-type': 'application/json',
22 silly get     'cache-control': 'max-age=60',
22 silly get     'content-length': '21582',
22 silly get     'accept-ranges': 'bytes',
22 silly get     date: 'Tue, 29 Sep 2015 14:15:37 GMT',
22 silly get     via: '1.1 varnish',
22 silly get     age: '29',
22 silly get     connection: 'keep-alive',
22 silly get     'x-served-by': 'cache-ord1728-ORD',
22 silly get     'x-cache': 'HIT',
22 silly get     'x-cache-hits': '1',
22 silly get     'x-timer': 'S1443536137.267652,VS0,VE0',
22 silly get     vary: 'Accept' } ]
23 verbose get saving grunt-cli to /Users/kamiekehrwald/.npm/registry.npmjs.org/grunt-cli/.cache.json
24 silly install normalizeTree
25 silly loadCurrentTree Finishing
26 silly loadIdealTree Starting
27 silly install loadIdealTree
28 silly cloneCurrentTree Starting
29 silly install cloneCurrentTreeToIdealTree
30 silly cloneCurrentTree Finishing
31 silly loadShrinkwrap Starting
32 silly install loadShrinkwrap
33 silly loadShrinkwrap Finishing
34 silly loadAllDepsIntoIdealTree Starting
35 silly install loadAllDepsIntoIdealTree
36 silly resolveWithNewModule grunt-cli@0.1.13 checking installable status
37 silly cache add args [ 'grunt-cli', null ]
38 verbose cache add spec grunt-cli
39 silly cache add parsed spec { raw: 'grunt-cli',
39 silly cache add   scope: null,
39 silly cache add   name: 'grunt-cli',
39 silly cache add   rawSpec: '',
39 silly cache add   spec: '*',
39 silly cache add   type: 'range' }
40 silly addNamed grunt-cli@*
41 verbose addNamed "*" is a valid semver range for grunt-cli
42 silly addNameRange { name: 'grunt-cli', range: '*', hasData: false }
43 silly mapToRegistry name grunt-cli
44 silly mapToRegistry using default registry
45 silly mapToRegistry registry https://registry.npmjs.org/
46 silly mapToRegistry uri https://registry.npmjs.org/grunt-cli
47 verbose addNameRange registry:https://registry.npmjs.org/grunt-cli not in flight; fetching
48 verbose get https://registry.npmjs.org/grunt-cli not expired, no request
49 silly addNameRange number 2 { name: 'grunt-cli', range: '*', hasData: true }
50 silly addNameRange versions [ 'grunt-cli',
50 silly addNameRange   [ '0.1.0',
50 silly addNameRange     '0.1.1',
50 silly addNameRange     '0.1.2',
50 silly addNameRange     '0.1.3',
50 silly addNameRange     '0.1.4',
50 silly addNameRange     '0.1.5',
50 silly addNameRange     '0.1.6',
50 silly addNameRange     '0.1.7',
50 silly addNameRange     '0.1.8',
50 silly addNameRange     '0.1.9',
50 silly addNameRange     '0.1.10',
50 silly addNameRange     '0.1.11',
50 silly addNameRange     '0.1.12',
50 silly addNameRange     '0.1.13' ] ]
51 silly addNamed grunt-cli@0.1.13
52 verbose addNamed "0.1.13" is a plain semver version for grunt-cli
53 silly cache afterAdd grunt-cli@0.1.13
54 verbose afterAdd /Users/kamiekehrwald/.npm/grunt-cli/0.1.13/package/package.json not in flight; writing
55 verbose afterAdd /Users/kamiekehrwald/.npm/grunt-cli/0.1.13/package/package.json written
56 silly fetchNamedPackageData nopt
57 silly mapToRegistry name nopt
58 silly mapToRegistry using default registry
59 silly mapToRegistry registry https://registry.npmjs.org/
60 silly mapToRegistry uri https://registry.npmjs.org/nopt
61 silly fetchNamedPackageData findup-sync
62 silly mapToRegistry name findup-sync
63 silly mapToRegistry using default registry
64 silly mapToRegistry registry https://registry.npmjs.org/
65 silly mapToRegistry uri https://registry.npmjs.org/findup-sync
66 silly fetchNamedPackageData resolve
67 silly mapToRegistry name resolve
68 silly mapToRegistry using default registry
69 silly mapToRegistry registry https://registry.npmjs.org/
70 silly mapToRegistry uri https://registry.npmjs.org/resolve
71 verbose request uri https://registry.npmjs.org/findup-sync
72 verbose request no auth needed
73 info attempt registry request try #1 at 09:16:56
74 verbose etag "B6BINNMDZYTJNG3G1M3XL3JKV"
75 http request GET https://registry.npmjs.org/findup-sync
76 verbose request uri https://registry.npmjs.org/nopt
77 verbose request no auth needed
78 info attempt registry request try #1 at 09:16:56
79 verbose etag "F22GDGAACVD3ATRE3NVNUREBG"
80 http request GET https://registry.npmjs.org/nopt
81 verbose request uri https://registry.npmjs.org/resolve
82 verbose request no auth needed
83 info attempt registry request try #1 at 09:16:56
84 verbose etag "47XKTGBC6IGN93GF2ZSYE1SZ0"
85 http request GET https://registry.npmjs.org/resolve
86 http 304 https://registry.npmjs.org/findup-sync
87 verbose headers { date: 'Tue, 29 Sep 2015 14:15:37 GMT',
87 verbose headers   via: '1.1 varnish',
87 verbose headers   'cache-control': 'max-age=60',
87 verbose headers   etag: '"B6BINNMDZYTJNG3G1M3XL3JKV"',
87 verbose headers   age: '56',
87 verbose headers   connection: 'keep-alive',
87 verbose headers   'x-served-by': 'cache-ord1723-ORD',
87 verbose headers   'x-cache': 'HIT',
87 verbose headers   'x-cache-hits': '16',
87 verbose headers   'x-timer': 'S1443536137.886124,VS0,VE0',
87 verbose headers   vary: 'Accept' }
88 silly get cb [ 304,
88 silly get   { date: 'Tue, 29 Sep 2015 14:15:37 GMT',
88 silly get     via: '1.1 varnish',
88 silly get     'cache-control': 'max-age=60',
88 silly get     etag: '"B6BINNMDZYTJNG3G1M3XL3JKV"',
88 silly get     age: '56',
88 silly get     connection: 'keep-alive',
88 silly get     'x-served-by': 'cache-ord1723-ORD',
88 silly get     'x-cache': 'HIT',
88 silly get     'x-cache-hits': '16',
88 silly get     'x-timer': 'S1443536137.886124,VS0,VE0',
88 silly get     vary: 'Accept' } ]
89 verbose etag https://registry.npmjs.org/findup-sync from cache
90 verbose get saving findup-sync to /Users/kamiekehrwald/.npm/registry.npmjs.org/findup-sync/.cache.json
91 silly resolveWithNewModule findup-sync@0.1.3 checking installable status
92 silly cache add args [ 'findup-sync@~0.1.0', null ]
93 verbose cache add spec findup-sync@~0.1.0
94 silly cache add parsed spec { raw: 'findup-sync@~0.1.0',
94 silly cache add   scope: null,
94 silly cache add   name: 'findup-sync',
94 silly cache add   rawSpec: '~0.1.0',
94 silly cache add   spec: '>=0.1.0 <0.2.0',
94 silly cache add   type: 'range' }
95 silly addNamed findup-sync@>=0.1.0 <0.2.0
96 verbose addNamed ">=0.1.0 <0.2.0" is a valid semver range for findup-sync
97 silly addNameRange { name: 'findup-sync', range: '>=0.1.0 <0.2.0', hasData: false }
98 silly mapToRegistry name findup-sync
99 silly mapToRegistry using default registry
100 silly mapToRegistry registry https://registry.npmjs.org/
101 silly mapToRegistry uri https://registry.npmjs.org/findup-sync
102 verbose addNameRange registry:https://registry.npmjs.org/findup-sync not in flight; fetching
103 http 304 https://registry.npmjs.org/resolve
104 verbose headers { date: 'Tue, 29 Sep 2015 14:15:37 GMT',
104 verbose headers   via: '1.1 varnish',
104 verbose headers   'cache-control': 'max-age=60',
104 verbose headers   etag: '"47XKTGBC6IGN93GF2ZSYE1SZ0"',
104 verbose headers   age: '6',
104 verbose headers   connection: 'keep-alive',
104 verbose headers   'x-served-by': 'cache-ord1731-ORD',
104 verbose headers   'x-cache': 'HIT',
104 verbose headers   'x-cache-hits': '1',
104 verbose headers   'x-timer': 'S1443536137.885734,VS0,VE0',
104 verbose headers   vary: 'Accept' }
105 silly get cb [ 304,
105 silly get   { date: 'Tue, 29 Sep 2015 14:15:37 GMT',
105 silly get     via: '1.1 varnish',
105 silly get     'cache-control': 'max-age=60',
105 silly get     etag: '"47XKTGBC6IGN93GF2ZSYE1SZ0"',
105 silly get     age: '6',
105 silly get     connection: 'keep-alive',
105 silly get     'x-served-by': 'cache-ord1731-ORD',
105 silly get     'x-cache': 'HIT',
105 silly get     'x-cache-hits': '1',
105 silly get     'x-timer': 'S1443536137.885734,VS0,VE0',
105 silly get     vary: 'Accept' } ]
106 verbose etag https://registry.npmjs.org/resolve from cache
107 verbose get saving resolve to /Users/kamiekehrwald/.npm/registry.npmjs.org/resolve/.cache.json
108 http 304 https://registry.npmjs.org/nopt
109 verbose headers { date: 'Tue, 29 Sep 2015 14:15:37 GMT',
109 verbose headers   via: '1.1 varnish',
109 verbose headers   'cache-control': 'max-age=60',
109 verbose headers   etag: '"F22GDGAACVD3ATRE3NVNUREBG"',
109 verbose headers   age: '10',
109 verbose headers   connection: 'keep-alive',
109 verbose headers   'x-served-by': 'cache-ord1729-ORD',
109 verbose headers   'x-cache': 'HIT',
109 verbose headers   'x-cache-hits': '1',
109 verbose headers   'x-timer': 'S1443536137.885847,VS0,VE0',
109 verbose headers   vary: 'Accept' }
110 silly get cb [ 304,
110 silly get   { date: 'Tue, 29 Sep 2015 14:15:37 GMT',
110 silly get     via: '1.1 varnish',
110 silly get     'cache-control': 'max-age=60',
110 silly get     etag: '"F22GDGAACVD3ATRE3NVNUREBG"',
110 silly get     age: '10',
110 silly get     connection: 'keep-alive',
110 silly get     'x-served-by': 'cache-ord1729-ORD',
110 silly get     'x-cache': 'HIT',
110 silly get     'x-cache-hits': '1',
110 silly get     'x-timer': 'S1443536137.885847,VS0,VE0',
110 silly get     vary: 'Accept' } ]
111 verbose etag https://registry.npmjs.org/nopt from cache
112 verbose get saving nopt to /Users/kamiekehrwald/.npm/registry.npmjs.org/nopt/.cache.json
113 verbose get https://registry.npmjs.org/findup-sync not expired, no request
114 silly addNameRange number 2 { name: 'findup-sync', range: '>=0.1.0 <0.2.0', hasData: true }
115 silly addNameRange versions [ 'findup-sync',
115 silly addNameRange   [ '0.1.0', '0.1.1', '0.1.2', '0.1.3', '0.2.0', '0.2.1', '0.3.0' ] ]
116 silly addNamed findup-sync@0.1.3
117 verbose addNamed "0.1.3" is a plain semver version for findup-sync
118 silly resolveWithNewModule resolve@0.3.1 checking installable status
119 silly cache add args [ 'resolve@~0.3.1', null ]
120 verbose cache add spec resolve@~0.3.1
121 silly cache add parsed spec { raw: 'resolve@~0.3.1',
121 silly cache add   scope: null,
121 silly cache add   name: 'resolve',
121 silly cache add   rawSpec: '~0.3.1',
121 silly cache add   spec: '>=0.3.1 <0.4.0',
121 silly cache add   type: 'range' }
122 silly addNamed resolve@>=0.3.1 <0.4.0
123 verbose addNamed ">=0.3.1 <0.4.0" is a valid semver range for resolve
124 silly addNameRange { name: 'resolve', range: '>=0.3.1 <0.4.0', hasData: false }
125 silly mapToRegistry name resolve
126 silly mapToRegistry using default registry
127 silly mapToRegistry registry https://registry.npmjs.org/
128 silly mapToRegistry uri https://registry.npmjs.org/resolve
129 verbose addNameRange registry:https://registry.npmjs.org/resolve not in flight; fetching
130 silly resolveWithNewModule nopt@1.0.10 checking installable status
131 silly cache add args [ 'nopt@~1.0.10', null ]
132 verbose cache add spec nopt@~1.0.10
133 silly cache add parsed spec { raw: 'nopt@~1.0.10',
133 silly cache add   scope: null,
133 silly cache add   name: 'nopt',
133 silly cache add   rawSpec: '~1.0.10',
133 silly cache add   spec: '>=1.0.10 <1.1.0',
133 silly cache add   type: 'range' }
134 silly addNamed nopt@>=1.0.10 <1.1.0
135 verbose addNamed ">=1.0.10 <1.1.0" is a valid semver range for nopt
136 silly addNameRange { name: 'nopt', range: '>=1.0.10 <1.1.0', hasData: false }
137 silly mapToRegistry name nopt
138 silly mapToRegistry using default registry
139 silly mapToRegistry registry https://registry.npmjs.org/
140 silly mapToRegistry uri https://registry.npmjs.org/nopt
141 verbose addNameRange registry:https://registry.npmjs.org/nopt not in flight; fetching
142 silly cache afterAdd findup-sync@0.1.3
143 verbose afterAdd /Users/kamiekehrwald/.npm/findup-sync/0.1.3/package/package.json not in flight; writing
144 verbose get https://registry.npmjs.org/resolve not expired, no request
145 silly addNameRange number 2 { name: 'resolve', range: '>=0.3.1 <0.4.0', hasData: true }
146 silly addNameRange versions [ 'resolve',
146 silly addNameRange   [ '0.0.0',
146 silly addNameRange     '0.0.1',
146 silly addNameRange     '0.0.2',
146 silly addNameRange     '0.0.3',
146 silly addNameRange     '0.0.4',
146 silly addNameRange     '0.1.0',
146 silly addNameRange     '0.1.2',
146 silly addNameRange     '0.1.3',
146 silly addNameRange     '0.2.0',
146 silly addNameRange     '0.2.1',
146 silly addNameRange     '0.2.2',
146 silly addNameRange     '0.2.3',
146 silly addNameRange     '0.2.4',
146 silly addNameRange     '0.2.5',
146 silly addNameRange     '0.2.6',
146 silly addNameRange     '0.2.7',
146 silly addNameRange     '0.2.8',
146 silly addNameRange     '0.3.0',
146 silly addNameRange     '0.3.1',
146 silly addNameRange     '0.4.0',
146 silly addNameRange     '0.4.1',
146 silly addNameRange     '0.4.2',
146 silly addNameRange     '0.4.3',
146 silly addNameRange     '0.5.0',
146 silly addNameRange     '0.5.1',
146 silly addNameRange     '0.6.0',
146 silly addNameRange     '0.6.1',
146 silly addNameRange     '0.6.2',
146 silly addNameRange     '0.6.3',
146 silly addNameRange     '0.7.0',
146 silly addNameRange     '0.7.1',
146 silly addNameRange     '0.7.2',
146 silly addNameRange     '0.7.3',
146 silly addNameRange     '0.7.4',
146 silly addNameRange     '1.0.0',
146 silly addNameRange     '1.1.0',
146 silly addNameRange     '1.1.2',
146 silly addNameRange     '1.1.3',
146 silly addNameRange     '1.1.4',
146 silly addNameRange     '1.1.5',
146 silly addNameRange     '1.1.6' ] ]
147 silly addNamed resolve@0.3.1
148 verbose addNamed "0.3.1" is a plain semver version for resolve
149 verbose get https://registry.npmjs.org/nopt not expired, no request
150 silly addNameRange number 2 { name: 'nopt', range: '>=1.0.10 <1.1.0', hasData: true }
151 silly addNameRange versions [ 'nopt',
151 silly addNameRange   [ '1.0.0',
151 silly addNameRange     '1.0.1',
151 silly addNameRange     '1.0.2',
151 silly addNameRange     '1.0.3',
151 silly addNameRange     '1.0.4',
151 silly addNameRange     '1.0.5',
151 silly addNameRange     '1.0.6',
151 silly addNameRange     '1.0.7',
151 silly addNameRange     '1.0.8',
151 silly addNameRange     '1.0.9',
151 silly addNameRange     '1.0.10',
151 silly addNameRange     '2.0.0',
151 silly addNameRange     '2.1.0',
151 silly addNameRange     '2.1.1',
151 silly addNameRange     '2.1.2',
151 silly addNameRange     '2.2.0',
151 silly addNameRange     '2.2.1',
151 silly addNameRange     '3.0.0',
151 silly addNameRange     '3.0.1',
151 silly addNameRange     '3.0.2',
151 silly addNameRange     '3.0.3',
151 silly addNameRange     '3.0.4' ] ]
152 silly addNamed nopt@1.0.10
153 verbose addNamed "1.0.10" is a plain semver version for nopt
154 verbose afterAdd /Users/kamiekehrwald/.npm/findup-sync/0.1.3/package/package.json written
155 silly cache afterAdd resolve@0.3.1
156 verbose afterAdd /Users/kamiekehrwald/.npm/resolve/0.3.1/package/package.json not in flight; writing
157 silly cache afterAdd nopt@1.0.10
158 verbose afterAdd /Users/kamiekehrwald/.npm/nopt/1.0.10/package/package.json not in flight; writing
159 verbose afterAdd /Users/kamiekehrwald/.npm/resolve/0.3.1/package/package.json written
160 verbose afterAdd /Users/kamiekehrwald/.npm/nopt/1.0.10/package/package.json written
161 silly fetchNamedPackageData glob
162 silly mapToRegistry name glob
163 silly mapToRegistry using default registry
164 silly mapToRegistry registry https://registry.npmjs.org/
165 silly mapToRegistry uri https://registry.npmjs.org/glob
166 silly fetchNamedPackageData lodash
167 silly mapToRegistry name lodash
168 silly mapToRegistry using default registry
169 silly mapToRegistry registry https://registry.npmjs.org/
170 silly mapToRegistry uri https://registry.npmjs.org/lodash
171 verbose request uri https://registry.npmjs.org/lodash
172 verbose request no auth needed
173 info attempt registry request try #1 at 09:16:57
174 verbose etag "3S5GYGKKZ5EHA5Z3CMPVUEQL7"
175 http request GET https://registry.npmjs.org/lodash
176 verbose request uri https://registry.npmjs.org/glob
177 verbose request no auth needed
178 info attempt registry request try #1 at 09:16:57
179 verbose etag "AL7XAAAL6AMABM85HYTC4ZPG3"
180 http request GET https://registry.npmjs.org/glob
181 http 304 https://registry.npmjs.org/glob
182 verbose headers { date: 'Tue, 29 Sep 2015 14:15:38 GMT',
182 verbose headers   via: '1.1 varnish',
182 verbose headers   'cache-control': 'max-age=60',
182 verbose headers   etag: '"AL7XAAAL6AMABM85HYTC4ZPG3"',
182 verbose headers   age: '30',
182 verbose headers   connection: 'keep-alive',
182 verbose headers   'x-served-by': 'cache-ord1727-ORD',
182 verbose headers   'x-cache': 'HIT',
182 verbose headers   'x-cache-hits': '3',
182 verbose headers   'x-timer': 'S1443536138.288246,VS0,VE0',
182 verbose headers   vary: 'Accept' }
183 silly get cb [ 304,
183 silly get   { date: 'Tue, 29 Sep 2015 14:15:38 GMT',
183 silly get     via: '1.1 varnish',
183 silly get     'cache-control': 'max-age=60',
183 silly get     etag: '"AL7XAAAL6AMABM85HYTC4ZPG3"',
183 silly get     age: '30',
183 silly get     connection: 'keep-alive',
183 silly get     'x-served-by': 'cache-ord1727-ORD',
183 silly get     'x-cache': 'HIT',
183 silly get     'x-cache-hits': '3',
183 silly get     'x-timer': 'S1443536138.288246,VS0,VE0',
183 silly get     vary: 'Accept' } ]
184 verbose etag https://registry.npmjs.org/glob from cache
185 verbose get saving glob to /Users/kamiekehrwald/.npm/registry.npmjs.org/glob/.cache.json
186 http 304 https://registry.npmjs.org/lodash
187 verbose headers { date: 'Tue, 29 Sep 2015 14:15:38 GMT',
187 verbose headers   via: '1.1 varnish',
187 verbose headers   'cache-control': 'max-age=60',
187 verbose headers   etag: '"3S5GYGKKZ5EHA5Z3CMPVUEQL7"',
187 verbose headers   age: '21',
187 verbose headers   connection: 'keep-alive',
187 verbose headers   'x-served-by': 'cache-ord1733-ORD',
187 verbose headers   'x-cache': 'HIT',
187 verbose headers   'x-cache-hits': '3',
187 verbose headers   'x-timer': 'S1443536138.272585,VS0,VE0',
187 verbose headers   vary: 'Accept' }
188 silly get cb [ 304,
188 silly get   { date: 'Tue, 29 Sep 2015 14:15:38 GMT',
188 silly get     via: '1.1 varnish',
188 silly get     'cache-control': 'max-age=60',
188 silly get     etag: '"3S5GYGKKZ5EHA5Z3CMPVUEQL7"',
188 silly get     age: '21',
188 silly get     connection: 'keep-alive',
188 silly get     'x-served-by': 'cache-ord1733-ORD',
188 silly get     'x-cache': 'HIT',
188 silly get     'x-cache-hits': '3',
188 silly get     'x-timer': 'S1443536138.272585,VS0,VE0',
188 silly get     vary: 'Accept' } ]
189 verbose etag https://registry.npmjs.org/lodash from cache
190 verbose get saving lodash to /Users/kamiekehrwald/.npm/registry.npmjs.org/lodash/.cache.json
191 silly resolveWithNewModule glob@3.2.11 checking installable status
192 silly cache add args [ 'glob@~3.2.9', null ]
193 verbose cache add spec glob@~3.2.9
194 silly cache add parsed spec { raw: 'glob@~3.2.9',
194 silly cache add   scope: null,
194 silly cache add   name: 'glob',
194 silly cache add   rawSpec: '~3.2.9',
194 silly cache add   spec: '>=3.2.9 <3.3.0',
194 silly cache add   type: 'range' }
195 silly addNamed glob@>=3.2.9 <3.3.0
196 verbose addNamed ">=3.2.9 <3.3.0" is a valid semver range for glob
197 silly addNameRange { name: 'glob', range: '>=3.2.9 <3.3.0', hasData: false }
198 silly mapToRegistry name glob
199 silly mapToRegistry using default registry
200 silly mapToRegistry registry https://registry.npmjs.org/
201 silly mapToRegistry uri https://registry.npmjs.org/glob
202 verbose addNameRange registry:https://registry.npmjs.org/glob not in flight; fetching
203 silly resolveWithNewModule lodash@2.4.2 checking installable status
204 silly cache add args [ 'lodash@~2.4.1', null ]
205 verbose cache add spec lodash@~2.4.1
206 silly cache add parsed spec { raw: 'lodash@~2.4.1',
206 silly cache add   scope: null,
206 silly cache add   name: 'lodash',
206 silly cache add   rawSpec: '~2.4.1',
206 silly cache add   spec: '>=2.4.1 <2.5.0',
206 silly cache add   type: 'range' }
207 silly addNamed lodash@>=2.4.1 <2.5.0
208 verbose addNamed ">=2.4.1 <2.5.0" is a valid semver range for lodash
209 silly addNameRange { name: 'lodash', range: '>=2.4.1 <2.5.0', hasData: false }
210 silly mapToRegistry name lodash
211 silly mapToRegistry using default registry
212 silly mapToRegistry registry https://registry.npmjs.org/
213 silly mapToRegistry uri https://registry.npmjs.org/lodash
214 verbose addNameRange registry:https://registry.npmjs.org/lodash not in flight; fetching
215 verbose get https://registry.npmjs.org/glob not expired, no request
216 silly addNameRange number 2 { name: 'glob', range: '>=3.2.9 <3.3.0', hasData: true }
217 silly addNameRange versions [ 'glob',
217 silly addNameRange   [ '1.1.0',
217 silly addNameRange     '2.0.9',
217 silly addNameRange     '2.0.8',
217 silly addNameRange     '2.0.7',
217 silly addNameRange     '2.1.0',
217 silly addNameRange     '3.0.0',
217 silly addNameRange     '3.0.1',
217 silly addNameRange     '3.1.0',
217 silly addNameRange     '3.1.1',
217 silly addNameRange     '3.1.2',
217 silly addNameRange     '3.1.3',
217 silly addNameRange     '3.1.4',
217 silly addNameRange     '3.1.5',
217 silly addNameRange     '3.1.6',
217 silly addNameRange     '3.1.7',
217 silly addNameRange     '3.1.9',
217 silly addNameRange     '3.1.10',
217 silly addNameRange     '3.1.11',
217 silly addNameRange     '3.1.12',
217 silly addNameRange     '3.1.13',
217 silly addNameRange     '3.1.14',
217 silly addNameRange     '3.1.15',
217 silly addNameRange     '3.1.16',
217 silly addNameRange     '3.1.17',
217 silly addNameRange     '3.1.18',
217 silly addNameRange     '3.1.19',
217 silly addNameRange     '3.1.20',
217 silly addNameRange     '3.1.21',
217 silly addNameRange     '3.2.0',
217 silly addNameRange     '3.2.1',
217 silly addNameRange     '3.2.3',
217 silly addNameRange     '3.2.4',
217 silly addNameRange     '3.2.5',
217 silly addNameRange     '3.2.6',
217 silly addNameRange     '3.2.7',
217 silly addNameRange     '3.2.8',
217 silly addNameRange     '3.2.9',
217 silly addNameRange     '3.2.10',
217 silly addNameRange     '3.2.11',
217 silly addNameRange     '4.0.0',
217 silly addNameRange     '4.0.1',
217 silly addNameRange     '4.0.2',
217 silly addNameRange     '4.0.3',
217 silly addNameRange     '4.0.4',
217 silly addNameRange     '4.0.5',
217 silly addNameRange     '4.0.6',
217 silly addNameRange     '4.1.2-beta',
217 silly addNameRange     '4.1.2',
217 silly addNameRange     '4.1.3',
217 silly addNameRange     '4.1.4',
217 silly addNameRange     '4.1.5',
217 silly addNameRange     '4.1.6',
217 silly addNameRange     '4.2.0',
217 silly addNameRange     '4.2.1',
217 silly addNameRange     '4.2.2',
217 silly addNameRange     '4.3.0',
217 silly addNameRange     '4.3.1',
217 silly addNameRange     '4.3.2',
217 silly addNameRange     '4.3.3',
217 silly addNameRange     '4.3.4',
217 silly addNameRange     '4.3.5',
217 silly addNameRange     '4.4.0',
217 silly addNameRange     '4.4.2',
217 silly addNameRange     '4.5.0',
217 silly addNameRange     '5.0.0',
217 silly addNameRange     '4.5.1',
217 silly addNameRange     '5.0.1',
217 silly addNameRange     '4.5.2',
217 silly addNameRange     '5.0.2',
217 silly addNameRange     '4.5.3',
217 silly addNameRange     '5.0.3',
217 silly addNameRange     '5.0.4',
217 silly addNameRange     '5.0.5',
217 silly addNameRange     '5.0.6',
217 silly addNameRange     '5.0.7',
217 silly addNameRange     '5.0.9',
217 silly addNameRange     '5.0.10',
217 silly addNameRange     '5.0.11',
217 silly addNameRange     '5.0.12',
217 silly addNameRange     '5.0.13',
217 silly addNameRange     '5.0.14',
217 silly addNameRange     '5.0.15' ] ]
218 silly addNamed glob@3.2.11
219 verbose addNamed "3.2.11" is a plain semver version for glob
220 verbose get https://registry.npmjs.org/lodash not expired, no request
221 silly addNameRange number 2 { name: 'lodash', range: '>=2.4.1 <2.5.0', hasData: true }
222 silly addNameRange versions [ 'lodash',
222 silly addNameRange   [ '0.1.0',
222 silly addNameRange     '0.2.0',
222 silly addNameRange     '0.2.1',
222 silly addNameRange     '0.2.2',
222 silly addNameRange     '0.3.0',
222 silly addNameRange     '0.3.1',
222 silly addNameRange     '0.3.2',
222 silly addNameRange     '0.4.0',
222 silly addNameRange     '0.4.1',
222 silly addNameRange     '0.4.2',
222 silly addNameRange     '0.5.0-rc.1',
222 silly addNameRange     '0.5.0',
222 silly addNameRange     '0.5.1',
222 silly addNameRange     '0.5.2',
222 silly addNameRange     '0.6.0',
222 silly addNameRange     '0.6.1',
222 silly addNameRange     '0.7.0',
222 silly addNameRange     '0.8.0',
222 silly addNameRange     '0.8.1',
222 silly addNameRange     '0.8.2',
222 silly addNameRange     '0.9.0',
222 silly addNameRange     '0.9.1',
222 silly addNameRange     '0.9.2',
222 silly addNameRange     '0.10.0',
222 silly addNameRange     '1.0.0-rc.1',
222 silly addNameRange     '1.0.0-rc.2',
222 silly addNameRange     '1.0.0-rc.3',
222 silly addNameRange     '1.0.0',
222 silly addNameRange     '1.0.1',
222 silly addNameRange     '1.1.0',
222 silly addNameRange     '1.1.1',
222 silly addNameRange     '1.2.0',
222 silly addNameRange     '1.2.1',
222 silly addNameRange     '1.3.0',
222 silly addNameRange     '1.3.1',
222 silly addNameRange     '2.0.0',
222 silly addNameRange     '2.1.0',
222 silly addNameRange     '2.2.0',
222 silly addNameRange     '2.2.1',
222 silly addNameRange     '2.3.0',
222 silly addNameRange     '2.4.0',
222 silly addNameRange     '2.4.1',
222 silly addNameRange     '3.0.0',
222 silly addNameRange     '3.0.1',
222 silly addNameRange     '3.1.0',
222 silly addNameRange     '3.2.0',
222 silly addNameRange     '3.3.0',
222 silly addNameRange     '3.3.1',
222 silly addNameRange     '3.4.0',
222 silly addNameRange     '3.5.0',
222 silly addNameRange     '3.6.0',
222 silly addNameRange     '1.0.2',
222 silly addNameRange     '3.7.0',
222 silly addNameRange     '2.4.2',
222 silly addNameRange     '3.8.0',
222 silly addNameRange     '3.9.0',
222 silly addNameRange     '3.9.1',
222 silly addNameRange     '3.9.2',
222 silly addNameRange     '3.9.3',
222 silly addNameRange     '3.10.0',
222 silly addNameRange     '3.10.1' ] ]
223 silly addNamed lodash@2.4.2
224 verbose addNamed "2.4.2" is a plain semver version for lodash
225 silly cache afterAdd lodash@2.4.2
226 verbose afterAdd /Users/kamiekehrwald/.npm/lodash/2.4.2/package/package.json not in flight; writing
227 silly cache afterAdd glob@3.2.11
228 verbose afterAdd /Users/kamiekehrwald/.npm/glob/3.2.11/package/package.json not in flight; writing
229 verbose afterAdd /Users/kamiekehrwald/.npm/lodash/2.4.2/package/package.json written
230 verbose afterAdd /Users/kamiekehrwald/.npm/glob/3.2.11/package/package.json written
231 silly fetchNamedPackageData inherits
232 silly mapToRegistry name inherits
233 silly mapToRegistry using default registry
234 silly mapToRegistry registry https://registry.npmjs.org/
235 silly mapToRegistry uri https://registry.npmjs.org/inherits
236 silly fetchNamedPackageData minimatch
237 silly mapToRegistry name minimatch
238 silly mapToRegistry using default registry
239 silly mapToRegistry registry https://registry.npmjs.org/
240 silly mapToRegistry uri https://registry.npmjs.org/minimatch
241 verbose request uri https://registry.npmjs.org/minimatch
242 verbose request no auth needed
243 info attempt registry request try #1 at 09:16:57
244 verbose etag "SEM79P7E1QDXOXODDH7YO2BD"
245 http request GET https://registry.npmjs.org/minimatch
246 verbose request uri https://registry.npmjs.org/inherits
247 verbose request no auth needed
248 info attempt registry request try #1 at 09:16:57
249 verbose etag "83S1U6S25IVR6LLBMEY64SYT2"
250 http request GET https://registry.npmjs.org/inherits
251 http 304 https://registry.npmjs.org/minimatch
252 verbose headers { date: 'Tue, 29 Sep 2015 14:15:38 GMT',
252 verbose headers   via: '1.1 varnish',
252 verbose headers   'cache-control': 'max-age=60',
252 verbose headers   etag: '"SEM79P7E1QDXOXODDH7YO2BD"',
252 verbose headers   age: '30',
252 verbose headers   connection: 'keep-alive',
252 verbose headers   'x-served-by': 'cache-ord1729-ORD',
252 verbose headers   'x-cache': 'HIT',
252 verbose headers   'x-cache-hits': '2',
252 verbose headers   'x-timer': 'S1443536138.841998,VS0,VE0',
252 verbose headers   vary: 'Accept' }
253 silly get cb [ 304,
253 silly get   { date: 'Tue, 29 Sep 2015 14:15:38 GMT',
253 silly get     via: '1.1 varnish',
253 silly get     'cache-control': 'max-age=60',
253 silly get     etag: '"SEM79P7E1QDXOXODDH7YO2BD"',
253 silly get     age: '30',
253 silly get     connection: 'keep-alive',
253 silly get     'x-served-by': 'cache-ord1729-ORD',
253 silly get     'x-cache': 'HIT',
253 silly get     'x-cache-hits': '2',
253 silly get     'x-timer': 'S1443536138.841998,VS0,VE0',
253 silly get     vary: 'Accept' } ]
254 verbose etag https://registry.npmjs.org/minimatch from cache
255 verbose get saving minimatch to /Users/kamiekehrwald/.npm/registry.npmjs.org/minimatch/.cache.json
256 silly resolveWithNewModule minimatch@0.3.0 checking installable status
257 silly cache add args [ 'minimatch@0.3', null ]
258 verbose cache add spec minimatch@0.3
259 silly cache add parsed spec { raw: 'minimatch@0.3',
259 silly cache add   scope: null,
259 silly cache add   name: 'minimatch',
259 silly cache add   rawSpec: '0.3',
259 silly cache add   spec: '>=0.3.0 <0.4.0',
259 silly cache add   type: 'range' }
260 silly addNamed minimatch@>=0.3.0 <0.4.0
261 verbose addNamed ">=0.3.0 <0.4.0" is a valid semver range for minimatch
262 silly addNameRange { name: 'minimatch', range: '>=0.3.0 <0.4.0', hasData: false }
263 silly mapToRegistry name minimatch
264 silly mapToRegistry using default registry
265 silly mapToRegistry registry https://registry.npmjs.org/
266 silly mapToRegistry uri https://registry.npmjs.org/minimatch
267 verbose addNameRange registry:https://registry.npmjs.org/minimatch not in flight; fetching
268 http 304 https://registry.npmjs.org/inherits
269 verbose headers { date: 'Tue, 29 Sep 2015 14:15:38 GMT',
269 verbose headers   via: '1.1 varnish',
269 verbose headers   'cache-control': 'max-age=60',
269 verbose headers   etag: '"83S1U6S25IVR6LLBMEY64SYT2"',
269 verbose headers   age: '32',
269 verbose headers   connection: 'keep-alive',
269 verbose headers   'x-served-by': 'cache-ord1727-ORD',
269 verbose headers   'x-cache': 'HIT',
269 verbose headers   'x-cache-hits': '4',
269 verbose headers   'x-timer': 'S1443536138.848733,VS0,VE0',
269 verbose headers   vary: 'Accept' }
270 silly get cb [ 304,
270 silly get   { date: 'Tue, 29 Sep 2015 14:15:38 GMT',
270 silly get     via: '1.1 varnish',
270 silly get     'cache-control': 'max-age=60',
270 silly get     etag: '"83S1U6S25IVR6LLBMEY64SYT2"',
270 silly get     age: '32',
270 silly get     connection: 'keep-alive',
270 silly get     'x-served-by': 'cache-ord1727-ORD',
270 silly get     'x-cache': 'HIT',
270 silly get     'x-cache-hits': '4',
270 silly get     'x-timer': 'S1443536138.848733,VS0,VE0',
270 silly get     vary: 'Accept' } ]
271 verbose etag https://registry.npmjs.org/inherits from cache
272 verbose get saving inherits to /Users/kamiekehrwald/.npm/registry.npmjs.org/inherits/.cache.json
273 verbose get https://registry.npmjs.org/minimatch not expired, no request
274 silly addNameRange number 2 { name: 'minimatch', range: '>=0.3.0 <0.4.0', hasData: true }
275 silly addNameRange versions [ 'minimatch',
275 silly addNameRange   [ '0.0.1',
275 silly addNameRange     '0.0.2',
275 silly addNameRange     '0.0.4',
275 silly addNameRange     '0.0.5',
275 silly addNameRange     '0.1.1',
275 silly addNameRange     '0.1.2',
275 silly addNameRange     '0.1.3',
275 silly addNameRange     '0.1.4',
275 silly addNameRange     '0.1.5',
275 silly addNameRange     '0.2.0',
275 silly addNameRange     '0.2.2',
275 silly addNameRange     '0.2.3',
275 silly addNameRange     '0.2.4',
275 silly addNameRange     '0.2.5',
275 silly addNameRange     '0.2.6',
275 silly addNameRange     '0.2.7',
275 silly addNameRange     '0.2.8',
275 silly addNameRange     '0.2.9',
275 silly addNameRange     '0.2.10',
275 silly addNameRange     '0.2.11',
275 silly addNameRange     '0.2.12',
275 silly addNameRange     '0.2.13',
275 silly addNameRange     '0.2.14',
275 silly addNameRange     '0.3.0',
275 silly addNameRange     '0.4.0',
275 silly addNameRange     '1.0.0',
275 silly addNameRange     '2.0.0',
275 silly addNameRange     '2.0.1',
275 silly addNameRange     '2.0.2',
275 silly addNameRange     '2.0.3',
275 silly addNameRange     '2.0.4',
275 silly addNameRange     '2.0.5',
275 silly addNameRange     '2.0.6',
275 silly addNameRange     '2.0.7',
275 silly addNameRange     '2.0.8',
275 silly addNameRange     '2.0.9',
275 silly addNameRange     '2.0.10',
275 silly addNameRange     '3.0.0' ] ]
276 silly addNamed minimatch@0.3.0
277 verbose addNamed "0.3.0" is a plain semver version for minimatch
278 silly cache afterAdd minimatch@0.3.0
279 verbose afterAdd /Users/kamiekehrwald/.npm/minimatch/0.3.0/package/package.json not in flight; writing
280 silly resolveWithNewModule inherits@2.0.1 checking installable status
281 silly cache add args [ 'inherits@2', null ]
282 verbose cache add spec inherits@2
283 silly cache add parsed spec { raw: 'inherits@2',
283 silly cache add   scope: null,
283 silly cache add   name: 'inherits',
283 silly cache add   rawSpec: '2',
283 silly cache add   spec: '>=2.0.0 <3.0.0',
283 silly cache add   type: 'range' }
284 silly addNamed inherits@>=2.0.0 <3.0.0
285 verbose addNamed ">=2.0.0 <3.0.0" is a valid semver range for inherits
286 silly addNameRange { name: 'inherits', range: '>=2.0.0 <3.0.0', hasData: false }
287 silly mapToRegistry name inherits
288 silly mapToRegistry using default registry
289 silly mapToRegistry registry https://registry.npmjs.org/
290 silly mapToRegistry uri https://registry.npmjs.org/inherits
291 verbose addNameRange registry:https://registry.npmjs.org/inherits not in flight; fetching
292 verbose get https://registry.npmjs.org/inherits not expired, no request
293 silly addNameRange number 2 { name: 'inherits', range: '>=2.0.0 <3.0.0', hasData: true }
294 silly addNameRange versions [ 'inherits', [ '1.0.0', '2.0.0', '2.0.1', '1.0.1', '1.0.2' ] ]
295 silly addNamed inherits@2.0.1
296 verbose addNamed "2.0.1" is a plain semver version for inherits
297 verbose afterAdd /Users/kamiekehrwald/.npm/minimatch/0.3.0/package/package.json written
298 silly cache afterAdd inherits@2.0.1
299 verbose afterAdd /Users/kamiekehrwald/.npm/inherits/2.0.1/package/package.json not in flight; writing
300 verbose afterAdd /Users/kamiekehrwald/.npm/inherits/2.0.1/package/package.json written
301 silly fetchNamedPackageData lru-cache
302 silly mapToRegistry name lru-cache
303 silly mapToRegistry using default registry
304 silly mapToRegistry registry https://registry.npmjs.org/
305 silly mapToRegistry uri https://registry.npmjs.org/lru-cache
306 silly fetchNamedPackageData sigmund
307 silly mapToRegistry name sigmund
308 silly mapToRegistry using default registry
309 silly mapToRegistry registry https://registry.npmjs.org/
310 silly mapToRegistry uri https://registry.npmjs.org/sigmund
311 verbose request uri https://registry.npmjs.org/lru-cache
312 verbose request no auth needed
313 info attempt registry request try #1 at 09:16:57
314 verbose etag "W349M57F2RIAL9JOA71GS6A8"
315 http request GET https://registry.npmjs.org/lru-cache
316 verbose request uri https://registry.npmjs.org/sigmund
317 verbose request no auth needed
318 info attempt registry request try #1 at 09:16:57
319 verbose etag "1TUX00X8YEKNFED6GGWS214S3"
320 http request GET https://registry.npmjs.org/sigmund
321 http 304 https://registry.npmjs.org/lru-cache
322 verbose headers { date: 'Tue, 29 Sep 2015 14:15:38 GMT',
322 verbose headers   via: '1.1 varnish',
322 verbose headers   'cache-control': 'max-age=60',
322 verbose headers   etag: '"W349M57F2RIAL9JOA71GS6A8"',
322 verbose headers   age: '28',
322 verbose headers   connection: 'keep-alive',
322 verbose headers   'x-served-by': 'cache-ord1723-ORD',
322 verbose headers   'x-cache': 'HIT',
322 verbose headers   'x-cache-hits': '3',
322 verbose headers   'x-timer': 'S1443536138.970856,VS0,VE0',
322 verbose headers   vary: 'Accept' }
323 silly get cb [ 304,
323 silly get   { date: 'Tue, 29 Sep 2015 14:15:38 GMT',
323 silly get     via: '1.1 varnish',
323 silly get     'cache-control': 'max-age=60',
323 silly get     etag: '"W349M57F2RIAL9JOA71GS6A8"',
323 silly get     age: '28',
323 silly get     connection: 'keep-alive',
323 silly get     'x-served-by': 'cache-ord1723-ORD',
323 silly get     'x-cache': 'HIT',
323 silly get     'x-cache-hits': '3',
323 silly get     'x-timer': 'S1443536138.970856,VS0,VE0',
323 silly get     vary: 'Accept' } ]
324 verbose etag https://registry.npmjs.org/lru-cache from cache
325 verbose get saving lru-cache to /Users/kamiekehrwald/.npm/registry.npmjs.org/lru-cache/.cache.json
326 silly resolveWithNewModule lru-cache@2.7.0 checking installable status
327 silly cache add args [ 'lru-cache@2', null ]
328 verbose cache add spec lru-cache@2
329 silly cache add parsed spec { raw: 'lru-cache@2',
329 silly cache add   scope: null,
329 silly cache add   name: 'lru-cache',
329 silly cache add   rawSpec: '2',
329 silly cache add   spec: '>=2.0.0 <3.0.0',
329 silly cache add   type: 'range' }
330 silly addNamed lru-cache@>=2.0.0 <3.0.0
331 verbose addNamed ">=2.0.0 <3.0.0" is a valid semver range for lru-cache
332 silly addNameRange { name: 'lru-cache', range: '>=2.0.0 <3.0.0', hasData: false }
333 silly mapToRegistry name lru-cache
334 silly mapToRegistry using default registry
335 silly mapToRegistry registry https://registry.npmjs.org/
336 silly mapToRegistry uri https://registry.npmjs.org/lru-cache
337 verbose addNameRange registry:https://registry.npmjs.org/lru-cache not in flight; fetching
338 verbose get https://registry.npmjs.org/lru-cache not expired, no request
339 silly addNameRange number 2 { name: 'lru-cache', range: '>=2.0.0 <3.0.0', hasData: true }
340 silly addNameRange versions [ 'lru-cache',
340 silly addNameRange   [ '1.0.1',
340 silly addNameRange     '1.0.2',
340 silly addNameRange     '1.0.3',
340 silly addNameRange     '1.0.4',
340 silly addNameRange     '1.0.5',
340 silly addNameRange     '1.0.6',
340 silly addNameRange     '1.1.0',
340 silly addNameRange     '1.1.1',
340 silly addNameRange     '2.0.0',
340 silly addNameRange     '2.0.1',
340 silly addNameRange     '2.0.2',
340 silly addNameRange     '2.0.3',
340 silly addNameRange     '2.0.4',
340 silly addNameRange     '2.1.0',
340 silly addNameRange     '2.2.0',
340 silly addNameRange     '2.2.1',
340 silly addNameRange     '2.2.2',
340 silly addNameRange     '2.2.4',
340 silly addNameRange     '2.3.0',
340 silly addNameRange     '2.3.1',
340 silly addNameRange     '2.5.0',
340 silly addNameRange     '2.5.1',
340 silly addNameRange     '2.5.2',
340 silly addNameRange     '2.6.0',
340 silly addNameRange     '2.6.1',
340 silly addNameRange     '2.6.2',
340 silly addNameRange     '2.6.3',
340 silly addNameRange     '2.6.4',
340 silly addNameRange     '2.6.5',
340 silly addNameRange     '2.7.0' ] ]
341 silly addNamed lru-cache@2.7.0
342 verbose addNamed "2.7.0" is a plain semver version for lru-cache
343 http 304 https://registry.npmjs.org/sigmund
344 verbose headers { date: 'Tue, 29 Sep 2015 14:15:38 GMT',
344 verbose headers   via: '1.1 varnish',
344 verbose headers   'cache-control': 'max-age=60',
344 verbose headers   etag: '"1TUX00X8YEKNFED6GGWS214S3"',
344 verbose headers   age: '54',
344 verbose headers   connection: 'keep-alive',
344 verbose headers   'x-served-by': 'cache-ord1725-ORD',
344 verbose headers   'x-cache': 'HIT',
344 verbose headers   'x-cache-hits': '6',
344 verbose headers   'x-timer': 'S1443536138.987717,VS0,VE0',
344 verbose headers   vary: 'Accept' }
345 silly get cb [ 304,
345 silly get   { date: 'Tue, 29 Sep 2015 14:15:38 GMT',
345 silly get     via: '1.1 varnish',
345 silly get     'cache-control': 'max-age=60',
345 silly get     etag: '"1TUX00X8YEKNFED6GGWS214S3"',
345 silly get     age: '54',
345 silly get     connection: 'keep-alive',
345 silly get     'x-served-by': 'cache-ord1725-ORD',
345 silly get     'x-cache': 'HIT',
345 silly get     'x-cache-hits': '6',
345 silly get     'x-timer': 'S1443536138.987717,VS0,VE0',
345 silly get     vary: 'Accept' } ]
346 verbose etag https://registry.npmjs.org/sigmund from cache
347 verbose get saving sigmund to /Users/kamiekehrwald/.npm/registry.npmjs.org/sigmund/.cache.json
348 silly cache afterAdd lru-cache@2.7.0
349 verbose afterAdd /Users/kamiekehrwald/.npm/lru-cache/2.7.0/package/package.json not in flight; writing
350 silly resolveWithNewModule sigmund@1.0.1 checking installable status
351 silly cache add args [ 'sigmund@~1.0.0', null ]
352 verbose cache add spec sigmund@~1.0.0
353 silly cache add parsed spec { raw: 'sigmund@~1.0.0',
353 silly cache add   scope: null,
353 silly cache add   name: 'sigmund',
353 silly cache add   rawSpec: '~1.0.0',
353 silly cache add   spec: '>=1.0.0 <1.1.0',
353 silly cache add   type: 'range' }
354 silly addNamed sigmund@>=1.0.0 <1.1.0
355 verbose addNamed ">=1.0.0 <1.1.0" is a valid semver range for sigmund
356 silly addNameRange { name: 'sigmund', range: '>=1.0.0 <1.1.0', hasData: false }
357 silly mapToRegistry name sigmund
358 silly mapToRegistry using default registry
359 silly mapToRegistry registry https://registry.npmjs.org/
360 silly mapToRegistry uri https://registry.npmjs.org/sigmund
361 verbose addNameRange registry:https://registry.npmjs.org/sigmund not in flight; fetching
362 verbose afterAdd /Users/kamiekehrwald/.npm/lru-cache/2.7.0/package/package.json written
363 verbose get https://registry.npmjs.org/sigmund not expired, no request
364 silly addNameRange number 2 { name: 'sigmund', range: '>=1.0.0 <1.1.0', hasData: true }
365 silly addNameRange versions [ 'sigmund', [ '1.0.0', '1.0.1' ] ]
366 silly addNamed sigmund@1.0.1
367 verbose addNamed "1.0.1" is a plain semver version for sigmund
368 silly cache afterAdd sigmund@1.0.1
369 verbose afterAdd /Users/kamiekehrwald/.npm/sigmund/1.0.1/package/package.json not in flight; writing
370 verbose afterAdd /Users/kamiekehrwald/.npm/sigmund/1.0.1/package/package.json written
371 silly fetchNamedPackageData abbrev
372 silly mapToRegistry name abbrev
373 silly mapToRegistry using default registry
374 silly mapToRegistry registry https://registry.npmjs.org/
375 silly mapToRegistry uri https://registry.npmjs.org/abbrev
376 verbose request uri https://registry.npmjs.org/abbrev
377 verbose request no auth needed
378 info attempt registry request try #1 at 09:16:58
379 verbose etag "F3Q3N6H2H59MS1PC9J6CMODYT"
380 http request GET https://registry.npmjs.org/abbrev
381 http 304 https://registry.npmjs.org/abbrev
382 verbose headers { date: 'Tue, 29 Sep 2015 14:15:39 GMT',
382 verbose headers   via: '1.1 varnish',
382 verbose headers   'cache-control': 'max-age=60',
382 verbose headers   etag: '"F3Q3N6H2H59MS1PC9J6CMODYT"',
382 verbose headers   age: '51',
382 verbose headers   connection: 'keep-alive',
382 verbose headers   'x-served-by': 'cache-ord1723-ORD',
382 verbose headers   'x-cache': 'HIT',
382 verbose headers   'x-cache-hits': '2',
382 verbose headers   'x-timer': 'S1443536139.116697,VS0,VE0',
382 verbose headers   vary: 'Accept' }
383 silly get cb [ 304,
383 silly get   { date: 'Tue, 29 Sep 2015 14:15:39 GMT',
383 silly get     via: '1.1 varnish',
383 silly get     'cache-control': 'max-age=60',
383 silly get     etag: '"F3Q3N6H2H59MS1PC9J6CMODYT"',
383 silly get     age: '51',
383 silly get     connection: 'keep-alive',
383 silly get     'x-served-by': 'cache-ord1723-ORD',
383 silly get     'x-cache': 'HIT',
383 silly get     'x-cache-hits': '2',
383 silly get     'x-timer': 'S1443536139.116697,VS0,VE0',
383 silly get     vary: 'Accept' } ]
384 verbose etag https://registry.npmjs.org/abbrev from cache
385 verbose get saving abbrev to /Users/kamiekehrwald/.npm/registry.npmjs.org/abbrev/.cache.json
386 silly resolveWithNewModule abbrev@1.0.7 checking installable status
387 silly cache add args [ 'abbrev@1', null ]
388 verbose cache add spec abbrev@1
389 silly cache add parsed spec { raw: 'abbrev@1',
389 silly cache add   scope: null,
389 silly cache add   name: 'abbrev',
389 silly cache add   rawSpec: '1',
389 silly cache add   spec: '>=1.0.0 <2.0.0',
389 silly cache add   type: 'range' }
390 silly addNamed abbrev@>=1.0.0 <2.0.0
391 verbose addNamed ">=1.0.0 <2.0.0" is a valid semver range for abbrev
392 silly addNameRange { name: 'abbrev', range: '>=1.0.0 <2.0.0', hasData: false }
393 silly mapToRegistry name abbrev
394 silly mapToRegistry using default registry
395 silly mapToRegistry registry https://registry.npmjs.org/
396 silly mapToRegistry uri https://registry.npmjs.org/abbrev
397 verbose addNameRange registry:https://registry.npmjs.org/abbrev not in flight; fetching
398 verbose get https://registry.npmjs.org/abbrev not expired, no request
399 silly addNameRange number 2 { name: 'abbrev', range: '>=1.0.0 <2.0.0', hasData: true }
400 silly addNameRange versions [ 'abbrev', [ '1.0.3', '1.0.4', '1.0.5', '1.0.6', '1.0.7' ] ]
401 silly addNamed abbrev@1.0.7
402 verbose addNamed "1.0.7" is a plain semver version for abbrev
403 silly cache afterAdd abbrev@1.0.7
404 verbose afterAdd /Users/kamiekehrwald/.npm/abbrev/1.0.7/package/package.json not in flight; writing
405 verbose afterAdd /Users/kamiekehrwald/.npm/abbrev/1.0.7/package/package.json written
406 silly loadAllDepsIntoIdealTree Finishing
407 silly idealTree:prePrune /usr/local/lib
407 silly idealTree:prePrune `-- grunt-cli@0.1.13
407 silly idealTree:prePrune   +-- abbrev@1.0.7
407 silly idealTree:prePrune   +-- findup-sync@0.1.3
407 silly idealTree:prePrune   +-- glob@3.2.11
407 silly idealTree:prePrune   +-- inherits@2.0.1
407 silly idealTree:prePrune   +-- lodash@2.4.2
407 silly idealTree:prePrune   +-- lru-cache@2.7.0
407 silly idealTree:prePrune   +-- minimatch@0.3.0
407 silly idealTree:prePrune   +-- nopt@1.0.10
407 silly idealTree:prePrune   +-- resolve@0.3.1
407 silly idealTree:prePrune   `-- sigmund@1.0.1
408 silly loadIdealTree Finishing
409 silly currentTree /usr/local/lib
409 silly currentTree `-- grunt-cli@0.1.13
409 silly currentTree   +-- findup-sync@0.1.3
409 silly currentTree   | +-- glob@3.2.11
409 silly currentTree   | | +-- inherits@2.0.1
409 silly currentTree   | | `-- minimatch@0.3.0
409 silly currentTree   | |   +-- lru-cache@2.6.5
409 silly currentTree   | |   `-- sigmund@1.0.1
409 silly currentTree   | `-- lodash@2.4.2
409 silly currentTree   +-- nopt@1.0.10
409 silly currentTree   | `-- abbrev@1.0.7
409 silly currentTree   `-- resolve@0.3.1
410 silly idealTree /usr/local/lib
410 silly idealTree `-- grunt-cli@0.1.13
410 silly idealTree   +-- abbrev@1.0.7
410 silly idealTree   +-- findup-sync@0.1.3
410 silly idealTree   +-- glob@3.2.11
410 silly idealTree   +-- inherits@2.0.1
410 silly idealTree   +-- lodash@2.4.2
410 silly idealTree   +-- lru-cache@2.7.0
410 silly idealTree   +-- minimatch@0.3.0
410 silly idealTree   +-- nopt@1.0.10
410 silly idealTree   +-- resolve@0.3.1
410 silly idealTree   `-- sigmund@1.0.1
411 silly generateActionsToTake Starting
412 silly install generateActionsToTake
413 warn checkPermissions Missing write access to /usr/local/lib/node_modules/grunt-cli/node_modules/findup-sync/node_modules/glob/node_modules/minimatch/node_modules/lru-cache
414 warn checkPermissions Missing write access to /usr/local/lib/node_modules/grunt-cli
415 warn checkPermissions Missing write access to /usr/local/lib/node_modules/grunt-cli/node_modules
416 warn checkPermissions Missing write access to /usr/local/lib/node_modules/grunt-cli/node_modules/findup-sync/node_modules/glob/node_modules/minimatch/node_modules
417 warn checkPermissions Missing write access to /usr/local/lib/node_modules/grunt-cli/node_modules/nopt/node_modules
418 warn checkPermissions Missing write access to /usr/local/lib/node_modules/grunt-cli/node_modules/findup-sync/node_modules/glob/node_modules
419 warn checkPermissions Missing write access to /usr/local/lib/node_modules/grunt-cli/node_modules/findup-sync/node_modules
420 silly rollbackFailedOptional Starting
421 silly rollbackFailedOptional Finishing
422 silly runTopLevelLifecycles Starting
423 silly runTopLevelLifecycles Finishing
424 silly install printInstalled
425 verbose stack Error: EACCES, access '/usr/local/lib/node_modules/grunt-cli/node_modules/findup-sync/node_modules/glob/node_modules/minimatch/node_modules/lru-cache'
425 verbose stack     at Error (native)
426 verbose cwd /Users/kamiekehrwald/Desktop/School/gitHub Repos/personal_project
427 error Darwin 14.4.0
428 error argv "node" "/usr/local/bin/npm" "install" "-g" "grunt-cli"
429 error node v0.12.7
430 error npm  v3.3.4
431 error path /usr/local/lib/node_modules/grunt-cli/node_modules/findup-sync/node_modules/glob/node_modules/minimatch/node_modules/lru-cache
432 error code EACCES
433 error errno -13
434 error Error: EACCES, access '/usr/local/lib/node_modules/grunt-cli/node_modules/findup-sync/node_modules/glob/node_modules/minimatch/node_modules/lru-cache'
434 error     at Error (native)
434 error  { [Error: EACCES, access '/usr/local/lib/node_modules/grunt-cli/node_modules/findup-sync/node_modules/glob/node_modules/minimatch/node_modules/lru-cache']
434 error   errno: -13,
434 error   code: 'EACCES',
434 error   path: '/usr/local/lib/node_modules/grunt-cli/node_modules/findup-sync/node_modules/glob/node_modules/minimatch/node_modules/lru-cache' }
435 error Please try running this command again as root/Administrator.
436 verbose exit [ -13, true ]
